I am unable to install Playwright. This is what happens:
    12:25:15 tmp % mkdir playwright
    12:25:21 tmp % cd playwright
    12:25:22 playwright % uname -a
    Darwin IM00276.local 22.5.0 Darwin Kernel Version 22.5.0: Mon Apr 24 20:51:50 PDT 2023; root:xnu-8796.121.2~5/RELEASE_X86_64 x86_64
    12:25:24 playwright % npm doctor
    Check                               Value   Recommendation/Notes
    npm ping                            ok
    npm -v                              ok      current: v9.6.7, latest: v9.6.7
    node -v                             ok      current: v18.16.0, recommended: v18.16.0
    npm config get registry             ok      using default registry (https://registry.npmjs.org/)
    git executable in PATH              ok      /usr/local/bin/git
    global bin folder in PATH           ok      /Users/.../.nvm/versions/node/v18.16.0/bin
    Perms check on cached files         ok
    Perms check on local node_modules   ok
    Perms check on global node_modules  ok
    Perms check on local bin folder     ok
    Perms check on global bin folder    ok
    Verify cache contents               ok      verified 6 tarballs
    12:25:32 playwright % npm list -g
    /Users/.../.nvm/versions/node/v18.16.0/lib
    ├── corepack@0.17.0
    └── npm@9.6.7
    12:25:35 playwright % npm list
    /Users/.../tmp/playwright
    └── (empty)
    12:25:40 playwright % npm install playwright
    npm ERR! code 1
    npm ERR! path /Users/.../tmp/playwright/node_modules/playwright
    npm ERR! command failed
    npm ERR! command sh -c node install.js
    npm ERR! Removing unused browser at /Users/.../Library/Caches/ms-playwright/chromium-1064
    npm ERR! Downloading Chromium 114.0.5735.35 (playwright build v1064) from https://playwright.azureedge.net/builds/chromium/1064/chromium-mac.zip
    npm ERR! |                                                                                |   0% of 129.1 Mb
    npm ERR! |■■■■■■■■                                                                        |  10% of 129.1 Mb
    npm ERR! |■■■■■■■■■■■■■■■■                                                                |  20% of 129.1 Mb
    npm ERR! |■■■■■■■■■■■■■■■■■■■■■■■■                                                        |  30% of 129.1 Mb
    npm ERR! |■■■■■■■■■■■■■■■■■■■■■■■■■■■■■■■■                                                |  40% of 129.1 Mb
    npm ERR! |■■■■■■■■■■■■■■■■■■■■■■■■■■■■■■■■■■■■■■■■                                        |  50% of 129.1 Mb
    npm ERR! |■■■■■■■■■■■■■■■■■■■■■■■■■■■■■■■■■■■■■■■■■■■■■■■■                                |  60% of 129.1 Mb
    npm ERR! |■■■■■■■■■■■■■■■■■■■■■■■■■■■■■■■■■■■■■■■■■■■■■■■■■■■■■■■■                        |  70% of 129.1 Mb
    npm ERR! |■■■■■■■■■■■■■■■■■■■■■■■■■■■■■■■■■■■■■■■■■■■■■■■■■■■■■■■■■■■■■■■■                |  80% of 129.1 Mb
    npm ERR! |■■■■■■■■■■■■■■■■■■■■■■■■■■■■■■■■■■■■■■■■■■■■■■■■■■■■■■■■■■■■■■■■■■■■■■■■        |  90% of 129.1 Mb
    npm ERR! /Users/.../tmp/playwright/node_modules/playwright-core/lib/server/registry/index.js:651
    npm ERR!       throw new Error(`Failed to download ${title}, caused by\n${e.stack}`);
    npm ERR!             ^
    npm ERR!
    npm ERR! Error: Failed to download Chromium 114.0.5735.35 (playwright build v1064), caused by
    npm ERR! Error: end of central directory record signature not found
    npm ERR!     at /Users/.../tmp/playwright/node_modules/playwright-core/lib/zipBundleImpl.js:1:24033
    npm ERR!     at /Users/.../tmp/playwright/node_modules/playwright-core/lib/zipBundleImpl.js:1:31712
    npm ERR!     at /Users/.../tmp/playwright/node_modules/playwright-core/lib/zipBundleImpl.js:1:17288
    npm ERR!     at FSReqCallback.wrapper [as oncomplete] (node:fs:682:5)
    npm ERR!     at /Users/.../tmp/playwright/node_modules/playwright-core/lib/server/registry/index.js:651:13
    npm ERR!     at async Registry._downloadExecutable (/Users/.../tmp/playwright/node_modules/playwright-core/lib/server/registry/index.js:650:5)
    npm ERR!     at async Registry.install (/Users/.../tmp/playwright/node_modules/playwright-core/lib/server/registry/index.js:614:9)
    npm ERR!     at async installBrowsersForNpmInstall (/Users/...tmp/playwright/node_modules/playwright-core/lib/server/registry/index.js:790:3)
    npm ERR!
    npm ERR! Node.js v18.16.0
**Expected**
The browsers should download and install.
**Actual**
The downloaded file is truncated and so the zip file is missing the central
directory record.
All browsers are affected.
The issue repeats every time.
I can download the ZIP files manually without problem.
Running the 'oopDownloadMain.js' file directly produces the same failure.